[debug] [2020-12-05T09:02:30.017Z] ----------------------------------------------------------------------
[debug] [2020-12-05T09:02:30.099Z] Command:       C:\Program Files\nodejs\node.exe C:\Users\Siva\AppData\Roaming\npm\node_modules\firebase-tools\lib\bin\firebase.js emulators:start
[debug] [2020-12-05T09:02:30.101Z] CLI Version:   8.16.2
[debug] [2020-12-05T09:02:30.102Z] Platform:      win32
[debug] [2020-12-05T09:02:30.102Z] Node Version:  v10.15.1
[debug] [2020-12-05T09:02:32.491Z] Time:          Sat Dec 05 2020 14:32:30 GMT+0530 (India Standard Time)
[debug] [2020-12-05T09:02:32.492Z] ----------------------------------------------------------------------
[debug] [2020-12-05T09:02:32.492Z] 
[debug] [2020-12-05T09:02:33.409Z] >>> [apiv2][query] GET https://firebase-public.firebaseio.com/cli.json [none]
[debug] [2020-12-05T09:02:36.289Z] > command requires scopes: ["email","openid","https://www.googleapis.com/auth/cloudplatformprojects.readonly","https://www.googleapis.com/auth/firebase","https://www.googleapis.com/auth/cloud-platform"]
[debug] [2020-12-05T09:02:36.291Z] > authorizing via signed-in user
[info] i  emulators: Starting emulators: functions, hosting {"metadata":{"emulator":{"name":"hub"},"message":"Starting emulators: functions, hosting"}}
[debug] [2020-12-05T09:02:38.919Z] <<< [apiv2][status] GET https://firebase-public.firebaseio.com/cli.json 200
[debug] [2020-12-05T09:02:38.920Z] <<< [apiv2][body] GET https://firebase-public.firebaseio.com/cli.json {"cloudBuildErrorAfter":1594252800000,"cloudBuildWarnAfter":1590019200000,"defaultNode10After":1594252800000,"minVersion":"3.0.5","node8DeploysDisabledAfter":1613390400000,"node8RuntimeDisabledAfter":1615809600000,"node8WarnAfter":1600128000000}
[debug] [2020-12-05T09:02:47.980Z] [hub] writing locator at C:\Users\Siva\AppData\Local\Temp\hub-clone-837e9.json
[warn] !  functions: The following emulators are not running, calls to these services from the Functions emulator will affect production: auth, firestore, database, pubsub {"metadata":{"emulator":{"name":"functions"},"message":"The following emulators are not running, calls to these services from the Functions emulator will affect production: \u001b[1mauth, firestore, database, pubsub\u001b[22m"}}
[warn] !  Your requested "node" version "12" doesn't match your global version "10" {"metadata":{"emulator":{"name":"functions"},"message":"Your requested \"node\" version \"12\" doesn't match your global version \"10\""}}
[debug] [2020-12-05T09:02:56.391Z] defaultcredentials: writing to file C:\Users\Siva\AppData\Roaming\firebase\sivakarthik385_gmail_com_application_default_credentials.json
[debug] [2020-12-05T09:02:56.542Z] Setting GAC to C:\Users\Siva\AppData\Roaming\firebase\sivakarthik385_gmail_com_application_default_credentials.json {"metadata":{"emulator":{"name":"functions"},"message":"Setting GAC to C:\\Users\\Siva\\AppData\\Roaming\\firebase\\sivakarthik385_gmail_com_application_default_credentials.json"}}
[debug] [2020-12-05T09:02:58.575Z] > refreshing access token with scopes: ["email","https://www.googleapis.com/auth/cloud-platform","https://www.googleapis.com/auth/cloudplatformprojects.readonly","https://www.googleapis.com/auth/firebase","openid"]
[debug] [2020-12-05T09:02:58.577Z] >>> HTTP REQUEST POST https://www.googleapis.com/oauth2/v3/token  
 <request body omitted>
[debug] [2020-12-05T09:02:59.051Z] <<< HTTP RESPONSE 200 {"pragma":"no-cache","expires":"Mon, 01 Jan 1990 00:00:00 GMT","date":"Sat, 05 Dec 2020 09:02:58 GMT","cache-control":"no-cache, no-store, max-age=0, must-revalidate","content-type":"application/json; charset=utf-8","vary":"X-Origin, Referer, Origin,Accept-Encoding","server":"scaffolding on HTTPServer2","x-xss-protection":"0","x-frame-options":"SAMEORIGIN","x-content-type-options":"nosniff","alt-svc":"h3-29=\":443\"; ma=2592000,h3-T051=\":443\"; ma=2592000,h3-Q050=\":443\"; ma=2592000,h3-Q046=\":443\"; ma=2592000,h3-Q043=\":443\"; ma=2592000,quic=\":443\"; ma=2592000; v=\"46,43\"","accept-ranges":"none","transfer-encoding":"chunked"}
[debug] [2020-12-05T09:02:59.116Z] >>> HTTP REQUEST GET https://firebase.googleapis.com/v1beta1/projects/clone-837e9/webApps/-/config  
 
[debug] [2020-12-05T09:03:00.937Z] <<< HTTP RESPONSE 200 {"content-type":"application/json; charset=UTF-8","vary":"X-Origin, Referer, Origin,Accept-Encoding","date":"Sat, 05 Dec 2020 09:02:59 GMT","server":"ESF","cache-control":"private","x-xss-protection":"0","x-frame-options":"SAMEORIGIN","x-content-type-options":"nosniff","alt-svc":"h3-29=\":443\"; ma=2592000,h3-T051=\":443\"; ma=2592000,h3-Q050=\":443\"; ma=2592000,h3-Q046=\":443\"; ma=2592000,h3-Q043=\":443\"; ma=2592000,quic=\":443\"; ma=2592000; v=\"46,43\"","accept-ranges":"none","transfer-encoding":"chunked"}
[info] i  hosting: Serving hosting files from: build {"metadata":{"emulator":{"name":"hosting"},"message":"Serving hosting files from: \u001b[1mbuild\u001b[22m"}}
[info] +  hosting: Local server: http://localhost:5000 {"metadata":{"emulator":{"name":"hosting"},"message":"Local server: \u001b[4m\u001b[1mhttp://localhost:5000\u001b[22m\u001b[24m"}}
[debug] [2020-12-05T09:03:08.003Z] Ignoring unsupported arg: auto_download {"metadata":{"emulator":{"name":"ui"},"message":"Ignoring unsupported arg: auto_download"}}
[debug] [2020-12-05T09:03:08.004Z] Ignoring unsupported arg: port {"metadata":{"emulator":{"name":"ui"},"message":"Ignoring unsupported arg: port"}}
[debug] [2020-12-05T09:03:08.005Z] Starting Emulator UI with command {"binary":"node","args":["C:\\Users\\Siva\\.cache\\firebase\\emulators\\ui-v1.2.2\\server.bundle.js"],"optionalArgs":[],"joinArgs":false} {"metadata":{"emulator":{"name":"ui"},"message":"Starting Emulator UI with command {\"binary\":\"node\",\"args\":[\"C:\\\\Users\\\\Siva\\\\.cache\\\\firebase\\\\emulators\\\\ui-v1.2.2\\\\server.bundle.js\"],\"optionalArgs\":[],\"joinArgs\":false}"}}
[info] i  ui: Emulator UI logging to ui-debug.log {"metadata":{"emulator":{"name":"ui"},"message":"Emulator UI logging to \u001b[1mui-debug.log\u001b[22m"}}
[debug] [2020-12-05T09:03:23.785Z] Web / API server started at http://localhost:4000
 {"metadata":{"emulator":{"name":"ui"},"message":"Web / API server started at http://localhost:4000\n"}}
[info] i  functions: Watching "D:\my workouts\Amazon-Fullstack\amazon-clone\functions" for Cloud Functions... {"metadata":{"emulator":{"name":"functions"},"message":"Watching \"D:\\my workouts\\Amazon-Fullstack\\amazon-clone\\functions\" for Cloud Functions..."}}
[debug] [2020-12-05T09:03:24.689Z] [worker-pool] addWorker(~diagnostic~) {"metadata":{"emulator":{"name":"functions"},"message":"[worker-pool] addWorker(~diagnostic~)"}}
[debug] [2020-12-05T09:03:24.689Z] [worker-pool] Adding worker with key ~diagnostic~, total=1 {"metadata":{"emulator":{"name":"functions"},"message":"[worker-pool] Adding worker with key ~diagnostic~, total=1"}}
[debug] [2020-12-05T09:03:24.690Z] [worker-pool] submitWork(triggerId=) {"metadata":{"emulator":{"name":"functions"},"message":"[worker-pool] submitWork(triggerId=)"}}
[debug] [2020-12-05T09:03:24.691Z] [worker-~diagnostic~-d767da02-9c1d-4dd6-9125-a11dad267342]: Assigning socketPath: \\?\pipe\D:\my workouts\Amazon-Fullstack\amazon-clone\functions\1176 {"metadata":{"emulator":{"name":"functions"},"message":"[worker-~diagnostic~-d767da02-9c1d-4dd6-9125-a11dad267342]: Assigning socketPath: \\\\?\\pipe\\D:\\my workouts\\Amazon-Fullstack\\amazon-clone\\functions\\1176"}}
[debug] [2020-12-05T09:03:24.691Z] [worker-~diagnostic~-d767da02-9c1d-4dd6-9125-a11dad267342]: BUSY {"metadata":{"emulator":{"name":"functions"},"message":"[worker-~diagnostic~-d767da02-9c1d-4dd6-9125-a11dad267342]: BUSY"}}
[debug] [2020-12-05T09:04:46.761Z] [runtime-status] [1176] Functions runtime initialized. {"cwd":"D:\\my workouts\\Amazon-Fullstack\\amazon-clone\\functions","node_version":"10.15.1"} {"metadata":{"emulator":{"name":"functions"},"message":"[runtime-status] [1176] Functions runtime initialized. {\"cwd\":\"D:\\\\my workouts\\\\Amazon-Fullstack\\\\amazon-clone\\\\functions\",\"node_version\":\"10.15.1\"}"}}
[debug] [2020-12-05T09:04:46.764Z] [runtime-status] [1176] Disabled runtime features: undefined {"metadata":{"emulator":{"name":"functions"},"message":"[runtime-status] [1176] Disabled runtime features: undefined"}}
[debug] [2020-12-05T09:04:48.542Z] [runtime-status] [1176] Resolved module firebase-admin {"declared":true,"installed":true,"version":"9.4.1","resolution":"D:\\my workouts\\Amazon-Fullstack\\amazon-clone\\functions\\node_modules\\firebase-admin\\lib\\index.js"} {"metadata":{"emulator":{"name":"functions"},"message":"[runtime-status] [1176] Resolved module firebase-admin {\"declared\":true,\"installed\":true,\"version\":\"9.4.1\",\"resolution\":\"D:\\\\my workouts\\\\Amazon-Fullstack\\\\amazon-clone\\\\functions\\\\node_modules\\\\firebase-admin\\\\lib\\\\index.js\"}"}}
[debug] [2020-12-05T09:04:49.761Z] [runtime-status] [1176] Resolved module firebase-functions {"declared":true,"installed":true,"version":"3.12.0","resolution":"D:\\my workouts\\Amazon-Fullstack\\amazon-clone\\functions\\node_modules\\firebase-functions\\lib\\index.js"} {"metadata":{"emulator":{"name":"functions"},"message":"[runtime-status] [1176] Resolved module firebase-functions {\"declared\":true,\"installed\":true,\"version\":\"3.12.0\",\"resolution\":\"D:\\\\my workouts\\\\Amazon-Fullstack\\\\amazon-clone\\\\functions\\\\node_modules\\\\firebase-functions\\\\lib\\\\index.js\"}"}}
[debug] [2020-12-05T09:04:49.765Z] [runtime-status] [1176] Resolved module firebase-functions {"declared":true,"installed":true,"version":"3.12.0","resolution":"D:\\my workouts\\Amazon-Fullstack\\amazon-clone\\functions\\node_modules\\firebase-functions\\lib\\index.js"} {"metadata":{"emulator":{"name":"functions"},"message":"[runtime-status] [1176] Resolved module firebase-functions {\"declared\":true,\"installed\":true,\"version\":\"3.12.0\",\"resolution\":\"D:\\\\my workouts\\\\Amazon-Fullstack\\\\amazon-clone\\\\functions\\\\node_modules\\\\firebase-functions\\\\lib\\\\index.js\"}"}}
[debug] [2020-12-05T09:04:49.775Z] [runtime-status] [1176] Outgoing network have been stubbed. [{"name":"http","status":"mocked"},{"name":"http","status":"mocked"},{"name":"https","status":"mocked"},{"name":"https","status":"mocked"},{"name":"net","status":"mocked"}] {"metadata":{"emulator":{"name":"functions"},"message":"[runtime-status] [1176] Outgoing network have been stubbed. [{\"name\":\"http\",\"status\":\"mocked\"},{\"name\":\"http\",\"status\":\"mocked\"},{\"name\":\"https\",\"status\":\"mocked\"},{\"name\":\"https\",\"status\":\"mocked\"},{\"name\":\"net\",\"status\":\"mocked\"}]"}}
[debug] [2020-12-05T09:04:49.776Z] [runtime-status] [1176] Resolved module firebase-functions {"declared":true,"installed":true,"version":"3.12.0","resolution":"D:\\my workouts\\Amazon-Fullstack\\amazon-clone\\functions\\node_modules\\firebase-functions\\lib\\index.js"} {"metadata":{"emulator":{"name":"functions"},"message":"[runtime-status] [1176] Resolved module firebase-functions {\"declared\":true,\"installed\":true,\"version\":\"3.12.0\",\"resolution\":\"D:\\\\my workouts\\\\Amazon-Fullstack\\\\amazon-clone\\\\functions\\\\node_modules\\\\firebase-functions\\\\lib\\\\index.js\"}"}}
[debug] [2020-12-05T09:05:17.463Z] [runtime-status] [1176] Checked functions.config() {"config":{}} {"metadata":{"emulator":{"name":"functions"},"message":"[runtime-status] [1176] Checked functions.config() {\"config\":{}}"}}
[debug] [2020-12-05T09:05:17.465Z] [runtime-status] [1176] firebase-functions has been stubbed. {"functionsResolution":{"declared":true,"installed":true,"version":"3.12.0","resolution":"D:\\my workouts\\Amazon-Fullstack\\amazon-clone\\functions\\node_modules\\firebase-functions\\lib\\index.js"}} {"metadata":{"emulator":{"name":"functions"},"message":"[runtime-status] [1176] firebase-functions has been stubbed. {\"functionsResolution\":{\"declared\":true,\"installed\":true,\"version\":\"3.12.0\",\"resolution\":\"D:\\\\my workouts\\\\Amazon-Fullstack\\\\amazon-clone\\\\functions\\\\node_modules\\\\firebase-functions\\\\lib\\\\index.js\"}}"}}
[debug] [2020-12-05T09:05:17.468Z] [runtime-status] [1176] Resolved module firebase-functions {"declared":true,"installed":true,"version":"3.12.0","resolution":"D:\\my workouts\\Amazon-Fullstack\\amazon-clone\\functions\\node_modules\\firebase-functions\\lib\\index.js"} {"metadata":{"emulator":{"name":"functions"},"message":"[runtime-status] [1176] Resolved module firebase-functions {\"declared\":true,\"installed\":true,\"version\":\"3.12.0\",\"resolution\":\"D:\\\\my workouts\\\\Amazon-Fullstack\\\\amazon-clone\\\\functions\\\\node_modules\\\\firebase-functions\\\\lib\\\\index.js\"}"}}
[debug] [2020-12-05T09:05:17.474Z] [runtime-status] [1176] Resolved module firebase-admin {"declared":true,"installed":true,"version":"9.4.1","resolution":"D:\\my workouts\\Amazon-Fullstack\\amazon-clone\\functions\\node_modules\\firebase-admin\\lib\\index.js"} {"metadata":{"emulator":{"name":"functions"},"message":"[runtime-status] [1176] Resolved module firebase-admin {\"declared\":true,\"installed\":true,\"version\":\"9.4.1\",\"resolution\":\"D:\\\\my workouts\\\\Amazon-Fullstack\\\\amazon-clone\\\\functions\\\\node_modules\\\\firebase-admin\\\\lib\\\\index.js\"}"}}
[debug] [2020-12-05T09:05:17.477Z] [runtime-status] [1176] Resolved module firebase-functions {"declared":true,"installed":true,"version":"3.12.0","resolution":"D:\\my workouts\\Amazon-Fullstack\\amazon-clone\\functions\\node_modules\\firebase-functions\\lib\\index.js"} {"metadata":{"emulator":{"name":"functions"},"message":"[runtime-status] [1176] Resolved module firebase-functions {\"declared\":true,\"installed\":true,\"version\":\"3.12.0\",\"resolution\":\"D:\\\\my workouts\\\\Amazon-Fullstack\\\\amazon-clone\\\\functions\\\\node_modules\\\\firebase-functions\\\\lib\\\\index.js\"}"}}
[debug] [2020-12-05T09:05:17.478Z] [runtime-status] [1176] firebase-admin has been stubbed. {"adminResolution":{"declared":true,"installed":true,"version":"9.4.1","resolution":"D:\\my workouts\\Amazon-Fullstack\\amazon-clone\\functions\\node_modules\\firebase-admin\\lib\\index.js"}} {"metadata":{"emulator":{"name":"functions"},"message":"[runtime-status] [1176] firebase-admin has been stubbed. {\"adminResolution\":{\"declared\":true,\"installed\":true,\"version\":\"9.4.1\",\"resolution\":\"D:\\\\my workouts\\\\Amazon-Fullstack\\\\amazon-clone\\\\functions\\\\node_modules\\\\firebase-admin\\\\lib\\\\index.js\"}}"}}
[info] +  functions[api]: http function initialized (http://localhost:5001/clone-837e9/us-central1/api). {"metadata":{"emulator":{"name":"functions"},"message":"\u001b[1mhttp\u001b[22m function initialized (http://localhost:5001/clone-837e9/us-central1/api)."}}
[info] 
┌────────────────────────────────────────────────────────────────┐
│ ✔  All emulators ready! View status and logs at localhost:4000 │
└────────────────────────────────────────────────────────────────┘

┌───────────┬────────────────┬──────────────────────────┐
│ Emulator  │ Host:Port      │ View in Emulator UI      │
├───────────┼────────────────┼──────────────────────────┤
│ Functions │ localhost:5001 │ localhost:4000/functions │
├───────────┼────────────────┼──────────────────────────┤
│ Hosting   │ localhost:5000 │ n/a                      │
└───────────┴────────────────┴──────────────────────────┘
  Other reserved ports: 4400, 4500

Issues? Report them at https://github.com/firebase/firebase-tools/issues and attach the *-debug.log files.
 
[debug] [2020-12-05T09:06:33.826Z] [worker-~diagnostic~-d767da02-9c1d-4dd6-9125-a11dad267342]: IDLE {"metadata":{"emulator":{"name":"functions"},"message":"[worker-~diagnostic~-d767da02-9c1d-4dd6-9125-a11dad267342]: IDLE"}}
[debug] [2020-12-05T10:26:25.078Z] Received signal SIGINT (Ctrl-C) 1
